f:\03、串口调试助手源码（vc++ 2010版本）\串口调试助手（基于vc++ 2010）\com\debug\com.pch
f:\03、串口调试助手源码（vc++ 2010版本）\串口调试助手（基于vc++ 2010）\com\debug\vc140.pdb
f:\03、串口调试助手源码（vc++ 2010版本）\串口调试助手（基于vc++ 2010）\com\debug\vc140.idb
f:\03、串口调试助手源码（vc++ 2010版本）\串口调试助手（基于vc++ 2010）\com\debug\stdafx.obj
f:\03、串口调试助手源码（vc++ 2010版本）\串口调试助手（基于vc++ 2010）\com\debug\com.obj
f:\03、串口调试助手源码（vc++ 2010版本）\串口调试助手（基于vc++ 2010）\com\debug\comdlg.obj
f:\03、串口调试助手源码（vc++ 2010版本）\串口调试助手（基于vc++ 2010）\com\debug\mscomm.obj
f:\03、串口调试助手源码（vc++ 2010版本）\串口调试助手（基于vc++ 2010）\debug\com.ilk
f:\03、串口调试助手源码（vc++ 2010版本）\串口调试助手（基于vc++ 2010）\debug\com.exe
f:\03、串口调试助手源码（vc++ 2010版本）\串口调试助手（基于vc++ 2010）\debug\com.pdb
f:\03、串口调试助手源码（vc++ 2010版本）\串口调试助手（基于vc++ 2010）\com\debug\com.res
f:\03、串口调试助手源码（vc++ 2010版本）\串口调试助手（基于vc++ 2010）\com\debug\com.tlog\cl.command.1.tlog
f:\03、串口调试助手源码（vc++ 2010版本）\串口调试助手（基于vc++ 2010）\com\debug\com.tlog\cl.read.1.tlog
f:\03、串口调试助手源码（vc++ 2010版本）\串口调试助手（基于vc++ 2010）\com\debug\com.tlog\cl.write.1.tlog
f:\03、串口调试助手源码（vc++ 2010版本）\串口调试助手（基于vc++ 2010）\com\debug\com.tlog\link.command.1.tlog
f:\03、串口调试助手源码（vc++ 2010版本）\串口调试助手（基于vc++ 2010）\com\debug\com.tlog\link.read.1.tlog
f:\03、串口调试助手源码（vc++ 2010版本）\串口调试助手（基于vc++ 2010）\com\debug\com.tlog\link.write.1.tlog
f:\03、串口调试助手源码（vc++ 2010版本）\串口调试助手（基于vc++ 2010）\com\debug\com.tlog\rc.command.1.tlog
f:\03、串口调试助手源码（vc++ 2010版本）\串口调试助手（基于vc++ 2010）\com\debug\com.tlog\rc.read.1.tlog
f:\03、串口调试助手源码（vc++ 2010版本）\串口调试助手（基于vc++ 2010）\com\debug\com.tlog\rc.write.1.tlog
